# JRE version: OpenJDK Runtime Environment Microsoft-11369865 (17.0.15+6) (build 17.0.15+6-LTS)
# Java VM: OpenJDK 64-Bit Server VM Microsoft-11369865 (17.0.15+6-LTS, mixed mode, sharing, tiered, compressed oops, compressed class ptrs, g1 gc, windows-amd64)
GC Precious Log:
 CPUs: 12 total, 12 available
 Memory: 7597M
 Large Page Support: Disabled
 NUMA Support: Disabled
 Compressed Oops: Enabled (Zero based)
 Heap Region Size: 2M
 Heap Min Capacity: 8M
 Heap Initial Capacity: 120M
 Heap Max Capacity: 4G
 Pre-touch: Disabled
 Parallel Workers: 10
 Concurrent Workers: 3
 Concurrent Refinement Workers: 10
 Periodic GC: Disabled
Heap:
 garbage-first heap   total 161792K, used 85176K [0x0000000700000000, 0x0000000800000000)
  region size 2048K, 2 young (4096K), 2 survivors (4096K)
 Metaspace       used 71640K, committed 72640K, reserved 917504K
  class space    used 10278K, committed 10752K, reserved 851968K
GC Heap History (20 events):
Event: 24.657 GC heap after
{Heap after GC invocations=30 (full 0):
 garbage-first heap   total 116736K, used 67945K [0x0000000700000000, 0x0000000800000000)
  region size 2048K, 2 young (4096K), 2 survivors (4096K)
 Metaspace       used 65320K, committed 66240K, reserved 917504K
  class space    used 9358K, committed 9792K, reserved 851968K
}
Event: 24.706 GC heap before
{Heap before GC invocations=30 (full 0):
 garbage-first heap   total 116736K, used 69993K [0x0000000700000000, 0x0000000800000000)
  region size 2048K, 3 young (6144K), 2 survivors (4096K)
 Metaspace       used 65321K, committed 66240K, reserved 917504K
  class space    used 9358K, committed 9792K, reserved 851968K
}
Event: 24.709 GC heap after
{Heap after GC invocations=31 (full 0):
 garbage-first heap   total 116736K, used 66559K [0x0000000700000000, 0x0000000800000000)
  region size 2048K, 1 young (2048K), 1 survivors (2048K)
 Metaspace       used 65321K, committed 66240K, reserved 917504K
  class space    used 9358K, committed 9792K, reserved 851968K
}
Event: 25.718 GC heap before
{Heap before GC invocations=31 (full 0):
 garbage-first heap   total 116736K, used 93183K [0x0000000700000000, 0x0000000800000000)
  region size 2048K, 14 young (28672K), 1 survivors (2048K)
 Metaspace       used 66916K, committed 67840K, reserved 917504K
  class space    used 9600K, committed 10048K, reserved 851968K
}
Event: 25.723 GC heap after
{Heap after GC invocations=32 (full 0):
 garbage-first heap   total 141312K, used 69109K [0x0000000700000000, 0x0000000800000000)
  region size 2048K, 2 young (4096K), 2 survivors (4096K)
 Metaspace       used 66916K, committed 67840K, reserved 917504K
  class space    used 9600K, committed 10048K, reserved 851968K
}
Event: 27.452 GC heap before
{Heap before GC invocations=33 (full 0):
 garbage-first heap   total 141312K, used 105973K [0x0000000700000000, 0x0000000800000000)
  region size 2048K, 20 young (40960K), 2 survivors (4096K)
 Metaspace       used 69441K, committed 70400K, reserved 917504K
  class space    used 10067K, committed 10496K, reserved 851968K
}
Event: 27.459 GC heap after
{Heap after GC invocations=34 (full 0):
 garbage-first heap   total 141312K, used 73043K [0x0000000700000000, 0x0000000800000000)
  region size 2048K, 3 young (6144K), 3 survivors (6144K)
 Metaspace       used 69441K, committed 70400K, reserved 917504K
  class space    used 10067K, committed 10496K, reserved 851968K
}
Event: 28.563 GC heap before
{Heap before GC invocations=34 (full 0):
 garbage-first heap   total 141312K, used 105811K [0x0000000700000000, 0x0000000800000000)
  region size 2048K, 20 young (40960K), 3 survivors (6144K)
 Metaspace       used 70609K, committed 71616K, reserved 917504K
  class space    used 10214K, committed 10688K, reserved 851968K
}
Event: 28.569 GC heap after
{Heap after GC invocations=35 (full 0):
 garbage-first heap   total 141312K, used 77498K [0x0000000700000000, 0x0000000800000000)
  region size 2048K, 3 young (6144K), 3 survivors (6144K)
 Metaspace       used 70609K, committed 71616K, reserved 917504K
  class space    used 10214K, committed 10688K, reserved 851968K
}
Event: 30.355 GC heap before
{Heap before GC invocations=36 (full 0):
 garbage-first heap   total 141312K, used 108218K [0x0000000700000000, 0x0000000800000000)
  region size 2048K, 18 young (36864K), 3 survivors (6144K)
 Metaspace       used 71406K, committed 72448K, reserved 917504K
  class space    used 10276K, committed 10752K, reserved 851968K
}
Event: 30.363 GC heap after
{Heap after GC invocations=37 (full 0):
 garbage-first heap   total 141312K, used 82980K [0x0000000700000000, 0x0000000800000000)
  region size 2048K, 3 young (6144K), 3 survivors (6144K)
 Metaspace       used 71406K, committed 72448K, reserved 917504K
  class space    used 10276K, committed 10752K, reserved 851968K
}
Event: 30.410 GC heap before
{Heap before GC invocations=37 (full 0):
 garbage-first heap   total 141312K, used 85028K [0x0000000700000000, 0x0000000800000000)
  region size 2048K, 4 young (8192K), 3 survivors (6144K)
 Metaspace       used 71424K, committed 72448K, reserved 917504K
  class space    used 10276K, committed 10752K, reserved 851968K
}
Event: 30.416 GC heap after
{Heap after GC invocations=38 (full 0):
 garbage-first heap   total 141312K, used 83608K [0x0000000700000000, 0x0000000800000000)
  region size 2048K, 1 young (2048K), 1 survivors (2048K)
 Metaspace       used 71424K, committed 72448K, reserved 917504K
  class space    used 10276K, committed 10752K, reserved 851968K
}
Event: 31.216 GC heap before
{Heap before GC invocations=38 (full 0):
 garbage-first heap   total 141312K, used 108184K [0x0000000700000000, 0x0000000800000000)
  region size 2048K, 14 young (28672K), 1 survivors (2048K)
 Metaspace       used 71564K, committed 72576K, reserved 917504K
  class space    used 10278K, committed 10752K, reserved 851968K
}
Event: 31.220 GC heap after
{Heap after GC invocations=39 (full 0):
 garbage-first heap   total 141312K, used 85479K [0x0000000700000000, 0x0000000800000000)
  region size 2048K, 2 young (4096K), 2 survivors (4096K)
 Metaspace       used 71564K, committed 72576K, reserved 917504K
  class space    used 10278K, committed 10752K, reserved 851968K
}
Event: 31.446 GC heap before
{Heap before GC invocations=40 (full 0):
 garbage-first heap   total 161792K, used 108007K [0x0000000700000000, 0x0000000800000000)
  region size 2048K, 14 young (28672K), 2 survivors (4096K)
 Metaspace       used 71629K, committed 72640K, reserved 917504K
  class space    used 10278K, committed 10752K, reserved 851968K
}
Event: 31.450 GC heap after
{Heap after GC invocations=41 (full 0):
 garbage-first heap   total 161792K, used 86242K [0x0000000700000000, 0x0000000800000000)
  region size 2048K, 2 young (4096K), 2 survivors (4096K)
 Metaspace       used 71629K, committed 72640K, reserved 917504K
  class space    used 10278K, committed 10752K, reserved 851968K
}
Event: 31.462 GC heap before
{Heap before GC invocations=41 (full 0):
 garbage-first heap   total 161792K, used 88290K [0x0000000700000000, 0x0000000800000000)
  region size 2048K, 3 young (6144K), 2 survivors (4096K)
 Metaspace       used 71630K, committed 72640K, reserved 917504K
  class space    used 10278K, committed 10752K, reserved 851968K
}
Event: 31.467 GC heap after
{Heap after GC invocations=42 (full 0):
 garbage-first heap   total 161792K, used 82992K [0x0000000700000000, 0x0000000800000000)
  region size 2048K, 1 young (2048K), 1 survivors (2048K)
 Metaspace       used 71630K, committed 72640K, reserved 917504K
  class space    used 10278K, committed 10752K, reserved 851968K
}
Event: 31.709 GC heap before
{Heap before GC invocations=42 (full 0):
 garbage-first heap   total 161792K, used 121904K [0x0000000700000000, 0x0000000800000000)
  region size 2048K, 21 young (43008K), 1 survivors (2048K)
 Metaspace       used 71640K, committed 72640K, reserved 917504K
  class space    used 10278K, committed 10752K, reserved 851968K
}

