# JRE version: OpenJDK Runtime Environment Microsoft-11369865 (17.0.15+6) (build 17.0.15+6-LTS)
# Java VM: OpenJDK 64-Bit Server VM Microsoft-11369865 (17.0.15+6-LTS, mixed mode, sharing, tiered, compressed oops, compressed class ptrs, g1 gc, windows-amd64)
GC Precious Log:
 CPUs: 12 total, 12 available
 Memory: 7597M
 Large Page Support: Disabled
 NUMA Support: Disabled
 Compressed Oops: Enabled (Zero based)
 Heap Region Size: 4M
 Heap Min Capacity: 8M
 Heap Initial Capacity: 120M
 Heap Max Capacity: 6G
 Pre-touch: Disabled
 Parallel Workers: 10
 Concurrent Workers: 3
 Concurrent Refinement Workers: 10
 Periodic GC: Disabled
Heap:
 garbage-first heap   total 118784K, used 72270K [0x0000000680000000, 0x0000000800000000)
  region size 4096K, 4 young (16384K), 1 survivors (4096K)
 Metaspace       used 67139K, committed 68096K, reserved 1114112K
  class space    used 9659K, committed 10112K, reserved 1048576K
GC Heap History (20 events):
Event: 18.583 GC heap before
{Heap before GC invocations=16 (full 0):
 garbage-first heap   total 102400K, used 73560K [0x0000000680000000, 0x0000000800000000)
  region size 4096K, 7 young (28672K), 2 survivors (8192K)
 Metaspace       used 54277K, committed 55040K, reserved 1114112K
  class space    used 7730K, committed 8064K, reserved 1048576K
}
Event: 18.587 GC heap after
{Heap after GC invocations=17 (full 0):
 garbage-first heap   total 102400K, used 54354K [0x0000000680000000, 0x0000000800000000)
  region size 4096K, 1 young (4096K), 1 survivors (4096K)
 Metaspace       used 54277K, committed 55040K, reserved 1114112K
  class space    used 7730K, committed 8064K, reserved 1048576K
}
Event: 19.195 GC heap before
{Heap before GC invocations=18 (full 0):
 garbage-first heap   total 110592K, used 74834K [0x0000000680000000, 0x0000000800000000)
  region size 4096K, 6 young (24576K), 1 survivors (4096K)
 Metaspace       used 55541K, committed 56320K, reserved 1114112K
  class space    used 7945K, committed 8320K, reserved 1048576K
}
Event: 19.197 GC heap after
{Heap after GC invocations=19 (full 0):
 garbage-first heap   total 110592K, used 54891K [0x0000000680000000, 0x0000000800000000)
  region size 4096K, 1 young (4096K), 1 survivors (4096K)
 Metaspace       used 55541K, committed 56320K, reserved 1114112K
  class space    used 7945K, committed 8320K, reserved 1048576K
}
Event: 19.309 GC heap before
{Heap before GC invocations=19 (full 0):
 garbage-first heap   total 110592K, used 54891K [0x0000000680000000, 0x0000000800000000)
  region size 4096K, 2 young (8192K), 1 survivors (4096K)
 Metaspace       used 55794K, committed 56576K, reserved 1114112K
  class space    used 7979K, committed 8320K, reserved 1048576K
}
Event: 19.314 GC heap after
{Heap after GC invocations=20 (full 0):
 garbage-first heap   total 110592K, used 54214K [0x0000000680000000, 0x0000000800000000)
  region size 4096K, 1 young (4096K), 1 survivors (4096K)
 Metaspace       used 55794K, committed 56576K, reserved 1114112K
  class space    used 7979K, committed 8320K, reserved 1048576K
}
Event: 19.970 GC heap before
{Heap before GC invocations=20 (full 0):
 garbage-first heap   total 110592K, used 86982K [0x0000000680000000, 0x0000000800000000)
  region size 4096K, 9 young (36864K), 1 survivors (4096K)
 Metaspace       used 58257K, committed 59072K, reserved 1114112K
  class space    used 8332K, committed 8704K, reserved 1048576K
}
Event: 19.973 GC heap after
{Heap after GC invocations=21 (full 0):
 garbage-first heap   total 110592K, used 55572K [0x0000000680000000, 0x0000000800000000)
  region size 4096K, 1 young (4096K), 1 survivors (4096K)
 Metaspace       used 58257K, committed 59072K, reserved 1114112K
  class space    used 8332K, committed 8704K, reserved 1048576K
}
Event: 20.767 GC heap before
{Heap before GC invocations=22 (full 0):
 garbage-first heap   total 110592K, used 88340K [0x0000000680000000, 0x0000000800000000)
  region size 4096K, 9 young (36864K), 1 survivors (4096K)
 Metaspace       used 60481K, committed 61312K, reserved 1114112K
  class space    used 8696K, committed 9088K, reserved 1048576K
}
Event: 20.771 GC heap after
{Heap after GC invocations=23 (full 0):
 garbage-first heap   total 110592K, used 56694K [0x0000000680000000, 0x0000000800000000)
  region size 4096K, 2 young (8192K), 2 survivors (8192K)
 Metaspace       used 60481K, committed 61312K, reserved 1114112K
  class space    used 8696K, committed 9088K, reserved 1048576K
}
Event: 21.448 GC heap before
{Heap before GC invocations=23 (full 0):
 garbage-first heap   total 110592K, used 81270K [0x0000000680000000, 0x0000000800000000)
  region size 4096K, 9 young (36864K), 2 survivors (8192K)
 Metaspace       used 62077K, committed 62912K, reserved 1114112K
  class space    used 8950K, committed 9344K, reserved 1048576K
}
Event: 21.454 GC heap after
{Heap after GC invocations=24 (full 0):
 garbage-first heap   total 110592K, used 57824K [0x0000000680000000, 0x0000000800000000)
  region size 4096K, 2 young (8192K), 2 survivors (8192K)
 Metaspace       used 62077K, committed 62912K, reserved 1114112K
  class space    used 8950K, committed 9344K, reserved 1048576K
}
Event: 22.126 GC heap before
{Heap before GC invocations=25 (full 0):
 garbage-first heap   total 118784K, used 82400K [0x0000000680000000, 0x0000000800000000)
  region size 4096K, 8 young (32768K), 2 survivors (8192K)
 Metaspace       used 63116K, committed 63936K, reserved 1114112K
  class space    used 9103K, committed 9472K, reserved 1048576K
}
Event: 22.132 GC heap after
{Heap after GC invocations=26 (full 0):
 garbage-first heap   total 118784K, used 60942K [0x0000000680000000, 0x0000000800000000)
  region size 4096K, 1 young (4096K), 1 survivors (4096K)
 Metaspace       used 63116K, committed 63936K, reserved 1114112K
  class space    used 9103K, committed 9472K, reserved 1048576K
}
Event: 23.317 GC heap before
{Heap before GC invocations=26 (full 0):
 garbage-first heap   total 118784K, used 93710K [0x0000000680000000, 0x0000000800000000)
  region size 4096K, 9 young (36864K), 1 survivors (4096K)
 Metaspace       used 65020K, committed 65856K, reserved 1114112K
  class space    used 9338K, committed 9728K, reserved 1048576K
}
Event: 23.323 GC heap after
{Heap after GC invocations=27 (full 0):
 garbage-first heap   total 118784K, used 63761K [0x0000000680000000, 0x0000000800000000)
  region size 4096K, 2 young (8192K), 2 survivors (8192K)
 Metaspace       used 65020K, committed 65856K, reserved 1114112K
  class space    used 9338K, committed 9728K, reserved 1048576K
}
Event: 25.510 GC heap before
{Heap before GC invocations=28 (full 0):
 garbage-first heap   total 118784K, used 92433K [0x0000000680000000, 0x0000000800000000)
  region size 4096K, 9 young (36864K), 2 survivors (8192K)
 Metaspace       used 65887K, committed 66816K, reserved 1114112K
  class space    used 9424K, committed 9856K, reserved 1048576K
}
Event: 25.517 GC heap after
{Heap after GC invocations=29 (full 0):
 garbage-first heap   total 118784K, used 65849K [0x0000000680000000, 0x0000000800000000)
  region size 4096K, 2 young (8192K), 2 survivors (8192K)
 Metaspace       used 65887K, committed 66816K, reserved 1114112K
  class space    used 9424K, committed 9856K, reserved 1048576K
}
Event: 25.627 GC heap before
{Heap before GC invocations=29 (full 0):
 garbage-first heap   total 118784K, used 69945K [0x0000000680000000, 0x0000000800000000)
  region size 4096K, 3 young (12288K), 2 survivors (8192K)
 Metaspace       used 66166K, committed 67072K, reserved 1114112K
  class space    used 9474K, committed 9920K, reserved 1048576K
}
Event: 25.631 GC heap after
{Heap after GC invocations=30 (full 0):
 garbage-first heap   total 118784K, used 64078K [0x0000000680000000, 0x0000000800000000)
  region size 4096K, 1 young (4096K), 1 survivors (4096K)
 Metaspace       used 66166K, committed 67072K, reserved 1114112K
  class space    used 9474K, committed 9920K, reserved 1048576K
}

