# JRE version: OpenJDK Runtime Environment Microsoft-11369865 (17.0.15+6) (build 17.0.15+6-LTS)
# Java VM: OpenJDK 64-Bit Server VM Microsoft-11369865 (17.0.15+6-LTS, mixed mode, sharing, tiered, compressed oops, compressed class ptrs, g1 gc, windows-amd64)
GC Precious Log:
 CPUs: 12 total, 12 available
 Memory: 7597M
 Large Page Support: Disabled
 NUMA Support: Disabled
 Compressed Oops: Enabled (Zero based)
 Heap Region Size: 2M
 Heap Min Capacity: 8M
 Heap Initial Capacity: 120M
 Heap Max Capacity: 4G
 Pre-touch: Disabled
 Parallel Workers: 10
 Concurrent Workers: 3
 Concurrent Refinement Workers: 10
 Periodic GC: Disabled
Heap:
 garbage-first heap   total 323584K, used 182599K [0x0000000700000000, 0x0000000800000000)
  region size 2048K, 34 young (69632K), 7 survivors (14336K)
 Metaspace       used 105467K, committed 106752K, reserved 983040K
  class space    used 14762K, committed 15424K, reserved 851968K
GC Heap History (20 events):
Event: 23.578 GC heap before
{Heap before GC invocations=33 (full 0):
 garbage-first heap   total 141312K, used 103160K [0x0000000700000000, 0x0000000800000000)
  region size 2048K, 13 young (26624K), 2 survivors (4096K)
 Metaspace       used 77947K, committed 79040K, reserved 983040K
  class space    used 11067K, committed 11648K, reserved 851968K
}
Event: 23.584 GC heap after
{Heap after GC invocations=34 (full 0):
 garbage-first heap   total 141312K, used 85046K [0x0000000700000000, 0x0000000800000000)
  region size 2048K, 2 young (4096K), 2 survivors (4096K)
 Metaspace       used 77947K, committed 79040K, reserved 983040K
  class space    used 11067K, committed 11648K, reserved 851968K
}
Event: 23.652 GC heap before
{Heap before GC invocations=34 (full 0):
 garbage-first heap   total 141312K, used 87094K [0x0000000700000000, 0x0000000800000000)
  region size 2048K, 3 young (6144K), 2 survivors (4096K)
 Metaspace       used 77970K, committed 79040K, reserved 983040K
  class space    used 11067K, committed 11648K, reserved 851968K
}
Event: 23.655 GC heap after
{Heap after GC invocations=35 (full 0):
 garbage-first heap   total 141312K, used 84631K [0x0000000700000000, 0x0000000800000000)
  region size 2048K, 1 young (2048K), 1 survivors (2048K)
 Metaspace       used 77970K, committed 79040K, reserved 983040K
  class space    used 11067K, committed 11648K, reserved 851968K
}
Event: 23.954 GC heap before
{Heap before GC invocations=35 (full 0):
 garbage-first heap   total 141312K, used 109207K [0x0000000700000000, 0x0000000800000000)
  region size 2048K, 14 young (28672K), 1 survivors (2048K)
 Metaspace       used 78123K, committed 79232K, reserved 983040K
  class space    used 11069K, committed 11648K, reserved 851968K
}
Event: 23.958 GC heap after
{Heap after GC invocations=36 (full 0):
 garbage-first heap   total 141312K, used 87061K [0x0000000700000000, 0x0000000800000000)
  region size 2048K, 2 young (4096K), 2 survivors (4096K)
 Metaspace       used 78123K, committed 79232K, reserved 983040K
  class space    used 11069K, committed 11648K, reserved 851968K
}
Event: 24.196 GC heap before
{Heap before GC invocations=37 (full 0):
 garbage-first heap   total 161792K, used 111637K [0x0000000700000000, 0x0000000800000000)
  region size 2048K, 15 young (30720K), 2 survivors (4096K)
 Metaspace       used 78230K, committed 79360K, reserved 983040K
  class space    used 11070K, committed 11648K, reserved 851968K
}
Event: 24.200 GC heap after
{Heap after GC invocations=38 (full 0):
 garbage-first heap   total 161792K, used 87774K [0x0000000700000000, 0x0000000800000000)
  region size 2048K, 2 young (4096K), 2 survivors (4096K)
 Metaspace       used 78230K, committed 79360K, reserved 983040K
  class space    used 11070K, committed 11648K, reserved 851968K
}
Event: 24.210 GC heap before
{Heap before GC invocations=38 (full 0):
 garbage-first heap   total 161792K, used 89822K [0x0000000700000000, 0x0000000800000000)
  region size 2048K, 3 young (6144K), 2 survivors (4096K)
 Metaspace       used 78230K, committed 79360K, reserved 983040K
  class space    used 11070K, committed 11648K, reserved 851968K
}
Event: 24.214 GC heap after
{Heap after GC invocations=39 (full 0):
 garbage-first heap   total 161792K, used 85717K [0x0000000700000000, 0x0000000800000000)
  region size 2048K, 1 young (2048K), 1 survivors (2048K)
 Metaspace       used 78230K, committed 79360K, reserved 983040K
  class space    used 11070K, committed 11648K, reserved 851968K
}
Event: 24.418 GC heap before
{Heap before GC invocations=39 (full 0):
 garbage-first heap   total 161792K, used 126677K [0x0000000700000000, 0x0000000800000000)
  region size 2048K, 21 young (43008K), 1 survivors (2048K)
 Metaspace       used 78240K, committed 79360K, reserved 983040K
  class space    used 11070K, committed 11648K, reserved 851968K
}
Event: 24.422 GC heap after
{Heap after GC invocations=40 (full 0):
 garbage-first heap   total 323584K, used 87934K [0x0000000700000000, 0x0000000800000000)
  region size 2048K, 2 young (4096K), 2 survivors (4096K)
 Metaspace       used 78240K, committed 79360K, reserved 983040K
  class space    used 11070K, committed 11648K, reserved 851968K
}
Event: 26.172 GC heap before
{Heap before GC invocations=40 (full 0):
 garbage-first heap   total 323584K, used 239486K [0x0000000700000000, 0x0000000800000000)
  region size 2048K, 77 young (157696K), 2 survivors (4096K)
 Metaspace       used 83355K, committed 84544K, reserved 983040K
  class space    used 11669K, committed 12224K, reserved 851968K
}
Event: 26.182 GC heap after
{Heap after GC invocations=41 (full 0):
 garbage-first heap   total 323584K, used 105991K [0x0000000700000000, 0x0000000800000000)
  region size 2048K, 10 young (20480K), 10 survivors (20480K)
 Metaspace       used 83355K, committed 84544K, reserved 983040K
  class space    used 11669K, committed 12224K, reserved 851968K
}
Event: 27.775 GC heap before
{Heap before GC invocations=41 (full 0):
 garbage-first heap   total 323584K, used 228871K [0x0000000700000000, 0x0000000800000000)
  region size 2048K, 69 young (141312K), 10 survivors (20480K)
 Metaspace       used 90525K, committed 91712K, reserved 983040K
  class space    used 12626K, committed 13184K, reserved 851968K
}
Event: 27.784 GC heap after
{Heap after GC invocations=42 (full 0):
 garbage-first heap   total 323584K, used 115761K [0x0000000700000000, 0x0000000800000000)
  region size 2048K, 4 young (8192K), 4 survivors (8192K)
 Metaspace       used 90525K, committed 91712K, reserved 983040K
  class space    used 12626K, committed 13184K, reserved 851968K
}
Event: 29.505 GC heap before
{Heap before GC invocations=42 (full 0):
 garbage-first heap   total 323584K, used 234545K [0x0000000700000000, 0x0000000800000000)
  region size 2048K, 62 young (126976K), 4 survivors (8192K)
 Metaspace       used 95846K, committed 97024K, reserved 983040K
  class space    used 13325K, committed 13952K, reserved 851968K
}
Event: 29.514 GC heap after
{Heap after GC invocations=43 (full 0):
 garbage-first heap   total 323584K, used 124664K [0x0000000700000000, 0x0000000800000000)
  region size 2048K, 8 young (16384K), 8 survivors (16384K)
 Metaspace       used 95846K, committed 97024K, reserved 983040K
  class space    used 13325K, committed 13952K, reserved 851968K
}
Event: 31.407 GC heap before
{Heap before GC invocations=43 (full 0):
 garbage-first heap   total 323584K, used 245496K [0x0000000700000000, 0x0000000800000000)
  region size 2048K, 67 young (137216K), 8 survivors (16384K)
 Metaspace       used 103141K, committed 104320K, reserved 983040K
  class space    used 14432K, committed 15040K, reserved 851968K
}
Event: 31.418 GC heap after
{Heap after GC invocations=44 (full 0):
 garbage-first heap   total 323584K, used 129351K [0x0000000700000000, 0x0000000800000000)
  region size 2048K, 7 young (14336K), 7 survivors (14336K)
 Metaspace       used 103141K, committed 104320K, reserved 983040K
  class space    used 14432K, committed 15040K, reserved 851968K
}

