# JRE version: OpenJDK Runtime Environment Microsoft-11369865 (17.0.15+6) (build 17.0.15+6-LTS)
# Java VM: OpenJDK 64-Bit Server VM Microsoft-11369865 (17.0.15+6-LTS, mixed mode, sharing, tiered, compressed oops, compressed class ptrs, g1 gc, windows-amd64)
GC Precious Log:
 CPUs: 12 total, 12 available
 Memory: 7597M
 Large Page Support: Disabled
 NUMA Support: Disabled
 Compressed Oops: Enabled (Zero based)
 Heap Region Size: 2M
 Heap Min Capacity: 8M
 Heap Initial Capacity: 120M
 Heap Max Capacity: 4G
 Pre-touch: Disabled
 Parallel Workers: 10
 Concurrent Workers: 3
 Concurrent Refinement Workers: 10
 Periodic GC: Disabled
Heap:
 garbage-first heap   total 331776K, used 173349K [0x0000000700000000, 0x0000000800000000)
  region size 2048K, 43 young (88064K), 12 survivors (24576K)
 Metaspace       used 86132K, committed 87168K, reserved 983040K
  class space    used 12129K, committed 12608K, reserved 851968K
GC Heap History (20 events):
Event: 15.153 GC heap before
{Heap before GC invocations=31 (full 0):
 garbage-first heap   total 120832K, used 71880K [0x0000000700000000, 0x0000000800000000)
  region size 2048K, 2 young (4096K), 1 survivors (2048K)
 Metaspace       used 67057K, committed 67904K, reserved 917504K
  class space    used 9655K, committed 10048K, reserved 851968K
}
Event: 15.156 GC heap after
{Heap after GC invocations=32 (full 0):
 garbage-first heap   total 120832K, used 69080K [0x0000000700000000, 0x0000000800000000)
  region size 2048K, 1 young (2048K), 1 survivors (2048K)
 Metaspace       used 67057K, committed 67904K, reserved 917504K
  class space    used 9655K, committed 10048K, reserved 851968K
}
Event: 15.949 GC heap before
{Heap before GC invocations=32 (full 0):
 garbage-first heap   total 120832K, used 95704K [0x0000000700000000, 0x0000000800000000)
  region size 2048K, 15 young (30720K), 1 survivors (2048K)
 Metaspace       used 69134K, committed 70016K, reserved 917504K
  class space    used 10028K, committed 10432K, reserved 851968K
}
Event: 15.953 GC heap after
{Heap after GC invocations=33 (full 0):
 garbage-first heap   total 120832K, used 72779K [0x0000000700000000, 0x0000000800000000)
  region size 2048K, 2 young (4096K), 2 survivors (4096K)
 Metaspace       used 69134K, committed 70016K, reserved 917504K
  class space    used 10028K, committed 10432K, reserved 851968K
}
Event: 16.347 GC heap before
{Heap before GC invocations=34 (full 0):
 garbage-first heap   total 126976K, used 93259K [0x0000000700000000, 0x0000000800000000)
  region size 2048K, 13 young (26624K), 2 survivors (4096K)
 Metaspace       used 69585K, committed 70528K, reserved 917504K
  class space    used 10083K, committed 10496K, reserved 851968K
}
Event: 16.353 GC heap after
{Heap after GC invocations=35 (full 0):
 garbage-first heap   total 126976K, used 75933K [0x0000000700000000, 0x0000000800000000)
  region size 2048K, 2 young (4096K), 2 survivors (4096K)
 Metaspace       used 69585K, committed 70528K, reserved 917504K
  class space    used 10083K, committed 10496K, reserved 851968K
}
Event: 16.365 GC heap before
{Heap before GC invocations=35 (full 0):
 garbage-first heap   total 126976K, used 75933K [0x0000000700000000, 0x0000000800000000)
  region size 2048K, 3 young (6144K), 2 survivors (4096K)
 Metaspace       used 69599K, committed 70528K, reserved 917504K
  class space    used 10083K, committed 10496K, reserved 851968K
}
Event: 16.368 GC heap after
{Heap after GC invocations=36 (full 0):
 garbage-first heap   total 165888K, used 74852K [0x0000000700000000, 0x0000000800000000)
  region size 2048K, 1 young (2048K), 1 survivors (2048K)
 Metaspace       used 69599K, committed 70528K, reserved 917504K
  class space    used 10083K, committed 10496K, reserved 851968K
}
Event: 17.790 GC heap before
{Heap before GC invocations=36 (full 0):
 garbage-first heap   total 165888K, used 128100K [0x0000000700000000, 0x0000000800000000)
  region size 2048K, 27 young (55296K), 1 survivors (2048K)
 Metaspace       used 71407K, committed 72384K, reserved 917504K
  class space    used 10281K, committed 10752K, reserved 851968K
}
Event: 17.797 GC heap after
{Heap after GC invocations=37 (full 0):
 garbage-first heap   total 165888K, used 83366K [0x0000000700000000, 0x0000000800000000)
  region size 2048K, 4 young (8192K), 4 survivors (8192K)
 Metaspace       used 71407K, committed 72384K, reserved 917504K
  class space    used 10281K, committed 10752K, reserved 851968K
}
Event: 18.087 GC heap before
{Heap before GC invocations=38 (full 0):
 garbage-first heap   total 165888K, used 126374K [0x0000000700000000, 0x0000000800000000)
  region size 2048K, 26 young (53248K), 4 survivors (8192K)
 Metaspace       used 71591K, committed 72640K, reserved 917504K
  class space    used 10282K, committed 10752K, reserved 851968K
}
Event: 18.093 GC heap after
{Heap after GC invocations=39 (full 0):
 garbage-first heap   total 165888K, used 85636K [0x0000000700000000, 0x0000000800000000)
  region size 2048K, 2 young (4096K), 2 survivors (4096K)
 Metaspace       used 71591K, committed 72640K, reserved 917504K
  class space    used 10282K, committed 10752K, reserved 851968K
}
Event: 18.111 GC heap before
{Heap before GC invocations=39 (full 0):
 garbage-first heap   total 165888K, used 89732K [0x0000000700000000, 0x0000000800000000)
  region size 2048K, 4 young (8192K), 2 survivors (4096K)
 Metaspace       used 71594K, committed 72640K, reserved 917504K
  class space    used 10282K, committed 10752K, reserved 851968K
}
Event: 18.115 GC heap after
{Heap after GC invocations=40 (full 0):
 garbage-first heap   total 165888K, used 83161K [0x0000000700000000, 0x0000000800000000)
  region size 2048K, 1 young (2048K), 1 survivors (2048K)
 Metaspace       used 71594K, committed 72640K, reserved 917504K
  class space    used 10282K, committed 10752K, reserved 851968K
}
Event: 18.310 GC heap before
{Heap before GC invocations=40 (full 0):
 garbage-first heap   total 165888K, used 130265K [0x0000000700000000, 0x0000000800000000)
  region size 2048K, 24 young (49152K), 1 survivors (2048K)
 Metaspace       used 71616K, committed 72640K, reserved 917504K
  class space    used 10282K, committed 10752K, reserved 851968K
}
Event: 18.314 GC heap after
{Heap after GC invocations=41 (full 0):
 garbage-first heap   total 165888K, used 84945K [0x0000000700000000, 0x0000000800000000)
  region size 2048K, 2 young (4096K), 2 survivors (4096K)
 Metaspace       used 71616K, committed 72640K, reserved 917504K
  class space    used 10282K, committed 10752K, reserved 851968K
}
Event: 18.517 GC heap before
{Heap before GC invocations=41 (full 0):
 garbage-first heap   total 165888K, used 130001K [0x0000000700000000, 0x0000000800000000)
  region size 2048K, 25 young (51200K), 2 survivors (4096K)
 Metaspace       used 71623K, committed 72640K, reserved 917504K
  class space    used 10282K, committed 10752K, reserved 851968K
}
Event: 18.522 GC heap after
{Heap after GC invocations=42 (full 0):
 garbage-first heap   total 331776K, used 85849K [0x0000000700000000, 0x0000000800000000)
  region size 2048K, 3 young (6144K), 3 survivors (6144K)
 Metaspace       used 71623K, committed 72640K, reserved 917504K
  class space    used 10282K, committed 10752K, reserved 851968K
}
Event: 21.415 GC heap before
{Heap before GC invocations=42 (full 0):
 garbage-first heap   total 331776K, used 261977K [0x0000000700000000, 0x0000000800000000)
  region size 2048K, 90 young (184320K), 3 survivors (6144K)
 Metaspace       used 81836K, committed 82944K, reserved 983040K
  class space    used 11516K, committed 12032K, reserved 851968K
}
Event: 21.427 GC heap after
{Heap after GC invocations=43 (full 0):
 garbage-first heap   total 331776K, used 107813K [0x0000000700000000, 0x0000000800000000)
  region size 2048K, 12 young (24576K), 12 survivors (24576K)
 Metaspace       used 81836K, committed 82944K, reserved 983040K
  class space    used 11516K, committed 12032K, reserved 851968K
}

