# JRE version: OpenJDK Runtime Environment Microsoft-11369865 (17.0.15+6) (build 17.0.15+6-LTS)
# Java VM: OpenJDK 64-Bit Server VM Microsoft-11369865 (17.0.15+6-LTS, mixed mode, sharing, tiered, compressed oops, compressed class ptrs, g1 gc, windows-amd64)
GC Precious Log:
 CPUs: 12 total, 12 available
 Memory: 7597M
 Large Page Support: Disabled
 NUMA Support: Disabled
 Compressed Oops: Enabled (32-bit)
 Heap Region Size: 1M
 Heap Min Capacity: 8M
 Heap Initial Capacity: 120M
 Heap Max Capacity: 1900M
 Pre-touch: Disabled
 Parallel Workers: 10
 Concurrent Workers: 3
 Concurrent Refinement Workers: 10
 Periodic GC: Disabled
Heap:
 garbage-first heap   total 114688K, used 69266K [0x0000000089400000, 0x0000000100000000)
  region size 1024K, 4 young (4096K), 2 survivors (2048K)
 Metaspace       used 52270K, committed 52608K, reserved 1114112K
  class space    used 5982K, committed 6144K, reserved 1048576K
GC Heap History (20 events):
Event: 6.217 GC heap before
{Heap before GC invocations=2 (full 0):
 garbage-first heap   total 122880K, used 42004K [0x0000000089400000, 0x0000000100000000)
  region size 1024K, 36 young (36864K), 5 survivors (5120K)
 Metaspace       used 21367K, committed 21504K, reserved 1114112K
  class space    used 2803K, committed 2880K, reserved 1048576K
}
Event: 6.242 GC heap after
{Heap after GC invocations=3 (full 0):
 garbage-first heap   total 122880K, used 15207K [0x0000000089400000, 0x0000000100000000)
  region size 1024K, 4 young (4096K), 4 survivors (4096K)
 Metaspace       used 21367K, committed 21504K, reserved 1114112K
  class space    used 2803K, committed 2880K, reserved 1048576K
}
Event: 10.753 GC heap before
{Heap before GC invocations=4 (full 0):
 garbage-first heap   total 86016K, used 75623K [0x0000000089400000, 0x0000000100000000)
  region size 1024K, 64 young (65536K), 4 survivors (4096K)
 Metaspace       used 31164K, committed 31424K, reserved 1114112K
  class space    used 3734K, committed 3840K, reserved 1048576K
}
Event: 10.804 GC heap after
{Heap after GC invocations=5 (full 0):
 garbage-first heap   total 89088K, used 23552K [0x0000000089400000, 0x0000000100000000)
  region size 1024K, 8 young (8192K), 8 survivors (8192K)
 Metaspace       used 31164K, committed 31424K, reserved 1114112K
  class space    used 3734K, committed 3840K, reserved 1048576K
}
Event: 15.877 GC heap before
{Heap before GC invocations=6 (full 0):
 garbage-first heap   total 81920K, used 63488K [0x0000000089400000, 0x0000000100000000)
  region size 1024K, 47 young (48128K), 8 survivors (8192K)
 Metaspace       used 34713K, committed 35008K, reserved 1114112K
  class space    used 4105K, committed 4224K, reserved 1048576K
}
Event: 15.930 GC heap after
{Heap after GC invocations=7 (full 0):
 garbage-first heap   total 81920K, used 31539K [0x0000000089400000, 0x0000000100000000)
  region size 1024K, 6 young (6144K), 6 survivors (6144K)
 Metaspace       used 34713K, committed 35008K, reserved 1114112K
  class space    used 4105K, committed 4224K, reserved 1048576K
}
Event: 17.586 GC heap before
{Heap before GC invocations=7 (full 0):
 garbage-first heap   total 81920K, used 59187K [0x0000000089400000, 0x0000000100000000)
  region size 1024K, 33 young (33792K), 6 survivors (6144K)
 Metaspace       used 38658K, committed 38912K, reserved 1114112K
  class space    used 4513K, committed 4672K, reserved 1048576K
}
Event: 17.620 GC heap after
{Heap after GC invocations=8 (full 0):
 garbage-first heap   total 81920K, used 36352K [0x0000000089400000, 0x0000000100000000)
  region size 1024K, 5 young (5120K), 5 survivors (5120K)
 Metaspace       used 38658K, committed 38912K, reserved 1114112K
  class space    used 4513K, committed 4672K, reserved 1048576K
}
Event: 19.639 GC heap before
{Heap before GC invocations=8 (full 0):
 garbage-first heap   total 81920K, used 59904K [0x0000000089400000, 0x0000000100000000)
  region size 1024K, 29 young (29696K), 5 survivors (5120K)
 Metaspace       used 44323K, committed 44608K, reserved 1114112K
  class space    used 5195K, committed 5312K, reserved 1048576K
}
Event: 19.664 GC heap after
{Heap after GC invocations=9 (full 0):
 garbage-first heap   total 98304K, used 40322K [0x0000000089400000, 0x0000000100000000)
  region size 1024K, 4 young (4096K), 4 survivors (4096K)
 Metaspace       used 44323K, committed 44608K, reserved 1114112K
  class space    used 5195K, committed 5312K, reserved 1048576K
}
Event: 21.007 GC heap before
{Heap before GC invocations=9 (full 0):
 garbage-first heap   total 98304K, used 74114K [0x0000000089400000, 0x0000000100000000)
  region size 1024K, 36 young (36864K), 4 survivors (4096K)
 Metaspace       used 44759K, committed 45056K, reserved 1114112K
  class space    used 5209K, committed 5376K, reserved 1048576K
}
Event: 21.045 GC heap after
{Heap after GC invocations=10 (full 0):
 garbage-first heap   total 98304K, used 52106K [0x0000000089400000, 0x0000000100000000)
  region size 1024K, 5 young (5120K), 5 survivors (5120K)
 Metaspace       used 44759K, committed 45056K, reserved 1114112K
  class space    used 5209K, committed 5376K, reserved 1048576K
}
Event: 22.157 GC heap before
{Heap before GC invocations=10 (full 0):
 garbage-first heap   total 98304K, used 73610K [0x0000000089400000, 0x0000000100000000)
  region size 1024K, 26 young (26624K), 5 survivors (5120K)
 Metaspace       used 45679K, committed 45952K, reserved 1114112K
  class space    used 5262K, committed 5376K, reserved 1048576K
}
Event: 22.185 GC heap after
{Heap after GC invocations=11 (full 0):
 garbage-first heap   total 98304K, used 56832K [0x0000000089400000, 0x0000000100000000)
  region size 1024K, 4 young (4096K), 4 survivors (4096K)
 Metaspace       used 45679K, committed 45952K, reserved 1114112K
  class space    used 5262K, committed 5376K, reserved 1048576K
}
Event: 23.562 GC heap before
{Heap before GC invocations=12 (full 0):
 garbage-first heap   total 99328K, used 75264K [0x0000000089400000, 0x0000000100000000)
  region size 1024K, 22 young (22528K), 4 survivors (4096K)
 Metaspace       used 47750K, committed 48000K, reserved 1114112K
  class space    used 5569K, committed 5696K, reserved 1048576K
}
Event: 23.584 GC heap after
{Heap after GC invocations=13 (full 0):
 garbage-first heap   total 99328K, used 60928K [0x0000000089400000, 0x0000000100000000)
  region size 1024K, 3 young (3072K), 3 survivors (3072K)
 Metaspace       used 47750K, committed 48000K, reserved 1114112K
  class space    used 5569K, committed 5696K, reserved 1048576K
}
Event: 25.091 GC heap before
{Heap before GC invocations=13 (full 0):
 garbage-first heap   total 99328K, used 77312K [0x0000000089400000, 0x0000000100000000)
  region size 1024K, 19 young (19456K), 3 survivors (3072K)
 Metaspace       used 49620K, committed 49920K, reserved 1114112K
  class space    used 5671K, committed 5824K, reserved 1048576K
}
Event: 25.115 GC heap after
{Heap after GC invocations=14 (full 0):
 garbage-first heap   total 99328K, used 66018K [0x0000000089400000, 0x0000000100000000)
  region size 1024K, 3 young (3072K), 3 survivors (3072K)
 Metaspace       used 49620K, committed 49920K, reserved 1114112K
  class space    used 5671K, committed 5824K, reserved 1048576K
}
Event: 26.919 GC heap before
{Heap before GC invocations=15 (full 0):
 garbage-first heap   total 114688K, used 78306K [0x0000000089400000, 0x0000000100000000)
  region size 1024K, 16 young (16384K), 3 survivors (3072K)
 Metaspace       used 52175K, committed 52480K, reserved 1114112K
  class space    used 5965K, committed 6080K, reserved 1048576K
}
Event: 27.935 GC heap after
{Heap after GC invocations=16 (full 0):
 garbage-first heap   total 114688K, used 68242K [0x0000000089400000, 0x0000000100000000)
  region size 1024K, 2 young (2048K), 2 survivors (2048K)
 Metaspace       used 52175K, committed 52480K, reserved 1114112K
  class space    used 5965K, committed 6080K, reserved 1048576K
}

